{
  "RSpec": {
    "coverage": {
      "/Users/ktmoney/Development/flatiron_projects/whos-ahead-now/config/environment.rb": [
        null,
        1,
        null,
        null,
        1
      ],
      "/Users/ktmoney/Development/flatiron_projects/whos-ahead-now/config/application.rb": [
        1,
        null,
        null,
        1,
        1,
        1,
        1,
        1,
        1,
        1,
        1,
        1,
        1,
        null,
        null,
        null,
        null,
        1,
        null,
        1,
        1,
        null,
        null,
        null,
        null,
        null,
        null,
        null,
        null,
        null,
        null,
        null,
        null,
        null,
        1,
        null,
        null
      ],
      "/Users/ktmoney/Development/flatiron_projects/whos-ahead-now/config/boot.rb": [
        1,
        null,
        1
      ],
      "/Users/ktmoney/Development/flatiron_projects/whos-ahead-now/config/environments/test.rb": [
        1,
        null,
        null,
        null,
        null,
        null,
        null,
        1,
        null,
        null,
        null,
        null,
        1,
        null,
        null,
        1,
        1,
        null,
        null,
        1,
        1,
        null,
        null,
        1,
        null,
        null,
        1,
        null,
        null,
        null,
        null,
        1,
        null,
        null,
        1,
        null,
        null,
        1,
        null,
        null,
        null,
        null
      ],
      "/Users/ktmoney/Development/flatiron_projects/whos-ahead-now/config/initializers/assets.rb": [
        null,
        null,
        null,
        1,
        null,
        null,
        null,
        null,
        null,
        null,
        null
      ],
      "/Users/ktmoney/Development/flatiron_projects/whos-ahead-now/config/initializers/backtrace_silencers.rb": [
        null,
        null,
        null,
        null,
        null,
        null,
        null
      ],
      "/Users/ktmoney/Development/flatiron_projects/whos-ahead-now/config/initializers/cookies_serializer.rb": [
        null,
        null,
        1
      ],
      "/Users/ktmoney/Development/flatiron_projects/whos-ahead-now/config/initializers/filter_parameter_logging.rb": [
        null,
        null,
        null,
        1
      ],
      "/Users/ktmoney/Development/flatiron_projects/whos-ahead-now/config/initializers/inflections.rb": [
        null,
        null,
        null,
        null,
        null,
        null,
        null,
        null,
        null,
        null,
        null,
        null,
        null,
        null,
        null,
        null
      ],
      "/Users/ktmoney/Development/flatiron_projects/whos-ahead-now/config/initializers/mime_types.rb": [
        null,
        null,
        null,
        null
      ],
      "/Users/ktmoney/Development/flatiron_projects/whos-ahead-now/config/initializers/session_store.rb": [
        null,
        null,
        1
      ],
      "/Users/ktmoney/Development/flatiron_projects/whos-ahead-now/config/initializers/wrap_parameters.rb": [
        null,
        null,
        null,
        null,
        null,
        null,
        1,
        1,
        null,
        null,
        null,
        null,
        null,
        null
      ],
      "/Users/ktmoney/Development/flatiron_projects/whos-ahead-now/config/routes.rb": [
        1,
        null,
        1,
        1,
        null,
        null
      ],
      "/Users/ktmoney/Development/flatiron_projects/whos-ahead-now/app/helpers/application_helper.rb": [
        1,
        null
      ],
      "/Users/ktmoney/Development/flatiron_projects/whos-ahead-now/app/controllers/search_controller.rb": [
        1,
        null,
        1,
        null,
        7,
        6,
        6,
        6,
        6,
        6,
        null,
        null,
        null,
        1,
        1,
        0,
        null,
        null
      ],
      "/Users/ktmoney/Development/flatiron_projects/whos-ahead-now/app/controllers/application_controller.rb": [
        1,
        null,
        null,
        1,
        null
      ],
      "/Users/ktmoney/Development/flatiron_projects/whos-ahead-now/app/models/search.rb": [
        1,
        null,
        1,
        null,
        1,
        41,
        null,
        null,
        null,
        1,
        9,
        null,
        null,
        1,
        15,
        null,
        null,
        1,
        16,
        16,
        136,
        null,
        16,
        null,
        null,
        1,
        14,
        null,
        null,
        1,
        12,
        12,
        12,
        null,
        null,
        1,
        12,
        12,
        12,
        null,
        null,
        1,
        12,
        12,
        12,
        null,
        null,
        null
      ]
    },
    "timestamp": 1428880691
  }
}
